<?xml version="1.0" encoding="UTF-8"?>
<testsuite name="com.nuvi.service.MemberServiceTest" tests="1" skipped="0" failures="0" errors="0" timestamp="2022-04-06T09:22:11" hostname="DESKTOP-31VENNO" time="0.463">
  <properties/>
  <testcase name="회원조회()" classname="com.nuvi.service.MemberServiceTest" time="0.463"/>
  <system-out><![CDATA[18:22:05.879 [Test worker] DEBUG org.springframework.test.context.BootstrapUtils - Instantiating CacheAwareContextLoaderDelegate from class [org.springframework.test.context.cache.DefaultCacheAwareContextLoaderDelegate]
18:22:05.890 [Test worker] DEBUG org.springframework.test.context.BootstrapUtils - Instantiating BootstrapContext using constructor [public org.springframework.test.context.support.DefaultBootstrapContext(java.lang.Class,org.springframework.test.context.CacheAwareContextLoaderDelegate)]
18:22:05.927 [Test worker] DEBUG org.springframework.test.context.BootstrapUtils - Instantiating TestContextBootstrapper for test class [com.nuvi.service.MemberServiceTest] from class [org.springframework.boot.test.context.SpringBootTestContextBootstrapper]
18:22:05.938 [Test worker] INFO org.springframework.boot.test.context.SpringBootTestContextBootstrapper - Neither @ContextConfiguration nor @ContextHierarchy found for test class [com.nuvi.service.MemberServiceTest], using SpringBootContextLoader
18:22:05.942 [Test worker] DEBUG org.springframework.test.context.support.AbstractContextLoader - Did not detect default resource location for test class [com.nuvi.service.MemberServiceTest]: class path resource [com/nuvi/service/MemberServiceTest-context.xml] does not exist
18:22:05.942 [Test worker] DEBUG org.springframework.test.context.support.AbstractContextLoader - Did not detect default resource location for test class [com.nuvi.service.MemberServiceTest]: class path resource [com/nuvi/service/MemberServiceTestContext.groovy] does not exist
18:22:05.943 [Test worker] INFO org.springframework.test.context.support.AbstractContextLoader - Could not detect default resource locations for test class [com.nuvi.service.MemberServiceTest]: no resource found for suffixes {-context.xml, Context.groovy}.
18:22:05.943 [Test worker] INFO org.springframework.test.context.support.AnnotationConfigContextLoaderUtils - Could not detect default configuration classes for test class [com.nuvi.service.MemberServiceTest]: MemberServiceTest does not declare any static, non-private, non-final, nested classes annotated with @Configuration.
18:22:05.989 [Test worker] DEBUG org.springframework.test.context.support.ActiveProfilesUtils - Could not find an 'annotation declaring class' for annotation type [org.springframework.test.context.ActiveProfiles] and class [com.nuvi.service.MemberServiceTest]
18:22:06.057 [Test worker] DEBUG org.springframework.context.annotation.ClassPathScanningCandidateComponentProvider - Identified candidate component class: file [D:\workspace\IntellijWorkspace\neighborhood-back\build\classes\java\main\com\nuvi\NuviApplication.class]
18:22:06.059 [Test worker] INFO org.springframework.boot.test.context.SpringBootTestContextBootstrapper - Found @SpringBootConfiguration com.nuvi.NuviApplication for test class com.nuvi.service.MemberServiceTest
18:22:06.178 [Test worker] DEBUG org.springframework.boot.test.context.SpringBootTestContextBootstrapper - @TestExecutionListeners is not present for class [com.nuvi.service.MemberServiceTest]: using defaults.
18:22:06.179 [Test worker] INFO org.springframework.boot.test.context.SpringBootTestContextBootstrapper - Loaded default TestExecutionListener class names from location [META-INF/spring.factories]: [org.springframework.security.test.context.support.WithSecurityContextTestExecutionListener, org.springframework.security.test.context.support.ReactorContextTestExecutionListener, org.springframework.boot.test.autoconfigure.restdocs.RestDocsTestExecutionListener, org.springframework.boot.test.autoconfigure.web.client.MockRestServiceServerResetTestExecutionListener, org.springframework.boot.test.autoconfigure.web.servlet.MockMvcPrintOnlyOnFailureTestExecutionListener, org.springframework.boot.test.autoconfigure.web.servlet.WebDriverTestExecutionListener, org.springframework.boot.test.autoconfigure.webservices.client.MockWebServiceServerTestExecutionListener, org.springframework.boot.test.mock.mockito.MockitoTestExecutionListener, org.springframework.boot.test.mock.mockito.ResetMocksTestExecutionListener, org.springframework.test.context.web.ServletTestExecutionListener, org.springframework.test.context.support.DirtiesContextBeforeModesTestExecutionListener, org.springframework.test.context.event.ApplicationEventsTestExecutionListener, org.springframework.test.context.support.DependencyInjectionTestExecutionListener, org.springframework.test.context.support.DirtiesContextTestExecutionListener, org.springframework.test.context.transaction.TransactionalTestExecutionListener, org.springframework.test.context.jdbc.SqlScriptsTestExecutionListener, org.springframework.test.context.event.EventPublishingTestExecutionListener]
18:22:06.198 [Test worker] INFO org.springframework.boot.test.context.SpringBootTestContextBootstrapper - Using TestExecutionListeners: [org.springframework.test.context.web.ServletTestExecutionListener@58a55449, org.springframework.test.context.support.DirtiesContextBeforeModesTestExecutionListener@5949eba8, org.springframework.test.context.event.ApplicationEventsTestExecutionListener@6e0ff644, org.springframework.boot.test.mock.mockito.MockitoTestExecutionListener@58dea0a5, org.springframework.boot.test.autoconfigure.SpringBootDependencyInjectionTestExecutionListener@2a2bb0eb, org.springframework.test.context.support.DirtiesContextTestExecutionListener@3c291aad, org.springframework.test.context.transaction.TransactionalTestExecutionListener@2d0566ba, org.springframework.test.context.jdbc.SqlScriptsTestExecutionListener@733037, org.springframework.security.test.context.support.WithSecurityContextTestExecutionListener@7728643a, org.springframework.test.context.event.EventPublishingTestExecutionListener@320e400, org.springframework.security.test.context.support.ReactorContextTestExecutionListener@5167268, org.springframework.boot.test.autoconfigure.restdocs.RestDocsTestExecutionListener@1cfd1875, org.springframework.boot.test.autoconfigure.web.client.MockRestServiceServerResetTestExecutionListener@28c0b664, org.springframework.boot.test.autoconfigure.web.servlet.MockMvcPrintOnlyOnFailureTestExecutionListener@2c444798, org.springframework.boot.test.autoconfigure.web.servlet.WebDriverTestExecutionListener@1af7f54a, org.springframework.boot.test.autoconfigure.webservices.client.MockWebServiceServerTestExecutionListener@6ebd78d1, org.springframework.boot.test.mock.mockito.ResetMocksTestExecutionListener@436390f4]
18:22:06.202 [Test worker] DEBUG org.springframework.test.context.support.AbstractDirtiesContextTestExecutionListener - Before test class: context [DefaultTestContext@7577b641 testClass = MemberServiceTest, testInstance = [null], testMethod = [null], testException = [null], mergedContextConfiguration = [WebMergedContextConfiguration@3704122f testClass = MemberServiceTest, locations = '{}', classes = '{class com.nuvi.NuviApplication}', contextInitializerClasses = '[]', activeProfiles = '{}', propertySourceLocations = '{}', propertySourceProperties = '{org.springframework.boot.test.context.SpringBootTestContextBootstrapper=true}', contextCustomizers = set[org.springframework.boot.test.autoconfigure.actuate.metrics.MetricsExportContextCustomizerFactory$DisableMetricExportContextCustomizer@4b20ca2b, org.springframework.boot.test.autoconfigure.properties.PropertyMappingContextCustomizer@0, org.springframework.boot.test.autoconfigure.web.servlet.WebDriverContextCustomizerFactory$Customizer@58c34bb3, org.springframework.boot.test.context.filter.ExcludeFilterContextCustomizer@1698fc68, org.springframework.boot.test.json.DuplicateJsonObjectContextCustomizerFactory$DuplicateJsonObjectContextCustomizer@65b3a85a, org.springframework.boot.test.mock.mockito.MockitoContextCustomizer@0, org.springframework.boot.test.web.client.TestRestTemplateContextCustomizer@15cafec7, org.springframework.boot.test.context.SpringBootTestArgs@1, org.springframework.boot.test.context.SpringBootTestWebEnvironment@1787f2a0], resourceBasePath = 'src/main/webapp', contextLoader = 'org.springframework.boot.test.context.SpringBootContextLoader', parent = [null]], attributes = map['org.springframework.test.context.web.ServletTestExecutionListener.activateListener' -> true]], class annotated with @DirtiesContext [false] with mode [null].

  .   ____          _            __ _ _
 /\\ / ___'_ __ _ _(_)_ __  __ _ \ \ \ \
( ( )\___ | '_ | '_| | '_ \/ _` | \ \ \ \
 \\/  ___)| |_)| | | | | || (_| |  ) ) ) )
  '  |____| .__|_| |_|_| |_\__, | / / / /
 =========|_|==============|___/=/_/_/_/
 :: Spring Boot ::                (v2.6.6)

2022-04-06 18:22:06.674  INFO 218052 --- [    Test worker] com.nuvi.service.MemberServiceTest       : Starting MemberServiceTest using Java 11.0.12 on DESKTOP-31VENNO with PID 218052 (started by dlxog in D:\workspace\IntellijWorkspace\neighborhood-back)
2022-04-06 18:22:06.676  INFO 218052 --- [    Test worker] com.nuvi.service.MemberServiceTest       : The following 1 profile is active: "aws"
2022-04-06 18:22:07.370  INFO 218052 --- [    Test worker] .s.d.r.c.RepositoryConfigurationDelegate : Multiple Spring Data modules found, entering strict repository configuration mode!
2022-04-06 18:22:07.371  INFO 218052 --- [    Test worker] .s.d.r.c.RepositoryConfigurationDelegate : Bootstrapping Spring Data JDBC repositories in DEFAULT mode.
2022-04-06 18:22:07.385  INFO 218052 --- [    Test worker] .s.d.r.c.RepositoryConfigurationDelegate : Finished Spring Data repository scanning in 9 ms. Found 0 JDBC repository interfaces.
2022-04-06 18:22:07.394  INFO 218052 --- [    Test worker] .s.d.r.c.RepositoryConfigurationDelegate : Multiple Spring Data modules found, entering strict repository configuration mode!
2022-04-06 18:22:07.396  INFO 218052 --- [    Test worker] .s.d.r.c.RepositoryConfigurationDelegate : Bootstrapping Spring Data JPA repositories in DEFAULT mode.
2022-04-06 18:22:07.402  INFO 218052 --- [    Test worker] .s.d.r.c.RepositoryConfigurationDelegate : Finished Spring Data repository scanning in 2 ms. Found 0 JPA repository interfaces.
2022-04-06 18:22:07.972  INFO 218052 --- [    Test worker] com.zaxxer.hikari.HikariDataSource       : HikariPool-1 - Starting...
2022-04-06 18:22:08.380  INFO 218052 --- [    Test worker] com.zaxxer.hikari.HikariDataSource       : HikariPool-1 - Start completed.
2022-04-06 18:22:08.445  INFO 218052 --- [    Test worker] o.hibernate.jpa.internal.util.LogHelper  : HHH000204: Processing PersistenceUnitInfo [name: default]
2022-04-06 18:22:08.511  INFO 218052 --- [    Test worker] org.hibernate.Version                    : HHH000412: Hibernate ORM core version 5.6.7.Final
2022-04-06 18:22:08.725  INFO 218052 --- [    Test worker] o.hibernate.annotations.common.Version   : HCANN000001: Hibernate Commons Annotations {5.1.2.Final}
2022-04-06 18:22:08.879  INFO 218052 --- [    Test worker] org.hibernate.dialect.Dialect            : HHH000400: Using dialect: org.hibernate.dialect.MySQL5InnoDBDialect
2022-04-06 18:22:09.520  INFO 218052 --- [    Test worker] o.h.e.t.j.p.i.JtaPlatformInitiator       : HHH000490: Using JtaPlatform implementation: [org.hibernate.engine.transaction.jta.platform.internal.NoJtaPlatform]
2022-04-06 18:22:09.529  INFO 218052 --- [    Test worker] j.LocalContainerEntityManagerFactoryBean : Initialized JPA EntityManagerFactory for persistence unit 'default'
memberService = class com.nuvi.service.MemberService
2022-04-06 18:22:09.966  WARN 218052 --- [    Test worker] JpaBaseConfiguration$JpaWebConfiguration : spring.jpa.open-in-view is enabled by default. Therefore, database queries may be performed during view rendering. Explicitly configure spring.jpa.open-in-view to disable this warning
2022-04-06 18:22:10.654  INFO 218052 --- [    Test worker] o.s.b.a.w.s.WelcomePageHandlerMapping    : Adding welcome page: class path resource [static/index.html]
2022-04-06 18:22:11.643  INFO 218052 --- [    Test worker] o.s.s.web.DefaultSecurityFilterChain     : Will not secure any request
2022-04-06 18:22:11.771  INFO 218052 --- [    Test worker] com.nuvi.service.MemberServiceTest       : Started MemberServiceTest in 5.533 seconds (JVM running for 8.583)
Hibernate: 
    select
        member0_.user_id as user_id1_0_,
        member0_.age as age2_0_,
        member0_.create_dt as create_d3_0_,
        member0_.email as email4_0_,
        member0_.is_del as is_del5_0_,
        member0_.nick_name as nick_nam6_0_,
        member0_.passwd as passwd7_0_,
        member0_.region_id as region_i8_0_,
        member0_.update_dt as update_d9_0_ 
    from
        USER member0_
Id : test1
Username : test1
Email : test1@gmail.com
]]></system-out>
  <system-err><![CDATA[]]></system-err>
</testsuite>
